MPASM  5.51        PRACTICA 7 EJERCICIO 2.ASM   4-15-2020  21:00:53         PAGE  1


LOC  OBJECT CODE     LINE SOURCE TEXT
  VALUE

                      00001 
                      00002 #INCLUDE <P16F877A.INC>
                      00001         LIST
                      00002 
                      00003 ;==========================================================================
                      00004 ;  MPASM PIC16F877A processor include
                      00005 ; 
                      00006 ;  (c) Copyright 1999-2013 Microchip Technology, All rights reserved
                      00007 ;==========================================================================
                      00008 
                      00566         LIST
                      00003 
                      00004 #DEFINE BANCO_0 BCF STATUS,RP0
                      00005 #DEFINE BANCO_1 BSF STATUS,RP0
                      00006 
  00000020            00007 DATO EQU 0X20
                      00008 
                      00009 ;DP     G       F       E       D       C       B       A
                      00010 ;7      6       5       4       3       2       1       0
                      00011 
                      00012 ;CATODO COMUN
  00000077            00013 _A_ EQU B'01110111'             ;0X77
  00000079            00014 _E_ EQU B'01111001'             ;0X7F
  00000030            00015 _I_ EQU B'00110000'             ;0X30
  0000003F            00016 _O_ EQU B'00111111'             ;0X3F
  0000003E            00017 _U_ EQU B'00111110'             ;0X3E
  0000005F            00018 _a_ EQU B'01011111'             ;0X5F
  0000007B            00019 _e_ EQU B'01111011'             ;0X7B
  00000010            00020 _i_ EQU B'00010000'             ;0X10
  0000005C            00021 _o_ EQU B'01011100'             ;0X5C
  0000001C            00022 _u_ EQU B'00011100'             ;0X1C
                      00023 
                      00024 ;ANODO COMUN
  00000088            00025 _A EQU B'10001000'              ;0X88
  00000086            00026 _E EQU B'10000110'              ;0X80
  000000CF            00027 _I EQU B'11001111'              ;0XCF
  000000C0            00028 _O EQU B'11000000'              ;0XC0
  000000C1            00029 _U EQU B'11000001'              ;0XC1
  000000A0            00030 _a EQU B'10100000'              ;0XA0
  00000084            00031 _e EQU B'10000100'              ;0X84
  000000EF            00032 _i EQU B'11101111'              ;0XEF
  000000A3            00033 _o EQU B'10100011'              ;0XA3
  000000E3            00034 _u EQU B'11100011'              ;0XE3
                      00035 
0000                  00036         ORG 0H
0000   2805           00037         GOTO INICIO
0005                  00038         ORG 5H
                      00039 
0005                  00040 INICIO 
0005   1683           00041         BANCO_1                         ;1 PASIS PARA LA RECEPCION DE DATOS MEDIANTE EL PUERTO SERIE
Message[302]: Register in operand not in bank 0.  Ensure that bank bits are correct.
0006   0186           00042         CLRF TRISB
Message[302]: Register in operand not in bank 0.  Ensure that bank bits are correct.
MPASM  5.51        PRACTICA 7 EJERCICIO 2.ASM   4-15-2020  21:00:53         PAGE  2


LOC  OBJECT CODE     LINE SOURCE TEXT
  VALUE

0007   1518           00043         BSF TXSTA,BRGH
0008   3040           00044         MOVLW .64 
Message[302]: Register in operand not in bank 0.  Ensure that bank bits are correct.
0009   0099           00045         MOVWF SPBRG
Message[302]: Register in operand not in bank 0.  Ensure that bank bits are correct.
000A   1218           00046         BCF TXSTA,SYNC
Message[302]: Register in operand not in bank 0.  Ensure that bank bits are correct.
000B   1698           00047         BSF TXSTA,TXEN
                      00048         
000C   1283           00049         BANCO_0
000D   1618           00050         BSF RCSTA,CREN
000E   1798           00051         BSF RCSTA,SPEN
000F   0186           00052         CLRF PORTB
                      00053 
0010                  00054 PRINCIPAL
0010   1E8C           00055         BTFSS PIR1,RCIF                         ;CHECA EL BUFFER DE RECEPCION
0011   2810           00056         GOTO PRINCIPAL                          ;SI NO HAY DATO LISTO ESPERA 
0012   081A           00057         MOVF RCREG,W                            ; SI HAY DATO LO LEE
0013   00A0           00058         MOVWF DATO
0014   3C41           00059         SUBLW 'A'
0015   1903           00060         BTFSC STATUS,Z
0016   283C           00061         GOTO LETRA_A
0017   0820           00062         MOVF DATO,W
0018   3C45           00063         SUBLW 'E'
0019   1903           00064         BTFSC STATUS,Z
001A   283E           00065         GOTO LETRA_E
001B   0820           00066         MOVF DATO,W
001C   3C49           00067         SUBLW 'I'
001D   1903           00068         BTFSC STATUS,Z
001E   2840           00069         GOTO LETRA_I
001F   0820           00070         MOVF DATO,W
0020   3C4F           00071         SUBLW 'O'
0021   1903           00072         BTFSC STATUS,Z
0022   2842           00073         GOTO LETRA_O
0023   0820           00074         MOVF DATO,W
0024   3C55           00075         SUBLW 'U'
0025   1903           00076         BTFSC STATUS,Z
0026   2844           00077         GOTO LETRA_U
0027   0820           00078         MOVF DATO,W
0028   3C61           00079         SUBLW 'a'
0029   1903           00080         BTFSC STATUS,Z
002A   2846           00081         GOTO LETRA_a
002B   0820           00082         MOVF DATO,W
002C   3C65           00083         SUBLW 'e'
002D   1903           00084         BTFSC STATUS,Z
002E   2848           00085         GOTO LETRA_e
002F   0820           00086         MOVF DATO,W
0030   3C69           00087         SUBLW 'i'
0031   1903           00088         BTFSC STATUS,Z
0032   284A           00089         GOTO LETRA_i
0033   0820           00090         MOVF DATO,W
0034   3C4F           00091         SUBLW 'O'
0035   1903           00092         BTFSC STATUS,Z
MPASM  5.51        PRACTICA 7 EJERCICIO 2.ASM   4-15-2020  21:00:53         PAGE  3


LOC  OBJECT CODE     LINE SOURCE TEXT
  VALUE

0036   284C           00093         GOTO LETRA_o
0037   0820           00094         MOVF DATO,W
0038   3C75           00095         SUBLW 'u'
0039   1903           00096         BTFSC STATUS,Z
003A   284E           00097         GOTO LETRA_u
003B   2810           00098         GOTO PRINCIPAL
                      00099 
003C                  00100 LETRA_A                                         ;CARGA EN W LA CONSTANTE CORRESONDIENTE
003C   3077           00101         MOVLW _A_
003D   2850           00102         GOTO ENVIA
                      00103 
003E                  00104 LETRA_E
003E   3079           00105         MOVLW _E_
003F   2850           00106         GOTO ENVIA
                      00107 
0040                  00108 LETRA_I
0040   3030           00109         MOVLW _I_
0041   2850           00110         GOTO ENVIA
                      00111 
0042                  00112 LETRA_O
0042   303F           00113         MOVLW _O_
0043   2850           00114         GOTO ENVIA
                      00115 
0044                  00116 LETRA_U
0044   303E           00117         MOVLW _U_
0045   2850           00118         GOTO ENVIA
                      00119 
0046                  00120 LETRA_a
0046   305F           00121         MOVLW _a_
0047   2850           00122         GOTO ENVIA
                      00123 
0048                  00124 LETRA_e
0048   307B           00125         MOVLW _e_
0049   2850           00126         GOTO ENVIA
                      00127 
004A                  00128 LETRA_i
004A   3010           00129         MOVLW _i_
004B   2850           00130         GOTO ENVIA
                      00131 
004C                  00132 LETRA_o
004C   305C           00133         MOVLW _o_
004D   2850           00134         GOTO ENVIA
                      00135 
004E                  00136 LETRA_u
004E   301C           00137         MOVLW _u_
004F   2850           00138         GOTO ENVIA
                      00139         
0050                  00140 ENVIA 
0050   0086           00141         MOVWF PORTB
0051   2810           00142         GOTO PRINCIPAL
                      00143 
                      00144         END
MPASM  5.51        PRACTICA 7 EJERCICIO 2.ASM   4-15-2020  21:00:53         PAGE  4


SYMBOL TABLE
  LABEL                             VALUE 

ACKDT                             00000005
ACKEN                             00000004
ACKSTAT                           00000006
ADCON0                            0000001F
ADCON1                            0000009F
ADCS0                             00000006
ADCS1                             00000007
ADCS2                             00000006
ADDEN                             00000003
ADFM                              00000007
ADIE                              00000006
ADIF                              00000006
ADON                              00000000
ADRESH                            0000001E
ADRESL                            0000009E
BANCO_0                           BCF STATUS,RP0
BANCO_1                           BSF STATUS,RP0
BCLIE                             00000003
BCLIF                             00000003
BF                                00000000
BRGH                              00000002
C                                 00000000
C1INV                             00000004
C1OUT                             00000006
C2INV                             00000005
C2OUT                             00000007
CCP1CON                           00000017
CCP1IE                            00000002
CCP1IF                            00000002
CCP1M0                            00000000
CCP1M1                            00000001
CCP1M2                            00000002
CCP1M3                            00000003
CCP1X                             00000005
CCP1Y                             00000004
CCP2CON                           0000001D
CCP2IE                            00000000
CCP2IF                            00000000
CCP2M0                            00000000
CCP2M1                            00000001
CCP2M2                            00000002
CCP2M3                            00000003
CCP2X                             00000005
CCP2Y                             00000004
CCPR1                             00000015
CCPR1H                            00000016
CCPR1L                            00000015
CCPR2                             0000001B
CCPR2H                            0000001C
CCPR2L                            0000001B
CHS0                              00000003
CHS1                              00000004
CHS2                              00000005
MPASM  5.51        PRACTICA 7 EJERCICIO 2.ASM   4-15-2020  21:00:53         PAGE  5


SYMBOL TABLE
  LABEL                             VALUE 

CIS                               00000003
CKE                               00000006
CKP                               00000004
CM0                               00000000
CM1                               00000001
CM2                               00000002
CMCON                             0000009C
CMIE                              00000006
CMIF                              00000006
CREN                              00000004
CSRC                              00000007
CVR0                              00000000
CVR1                              00000001
CVR2                              00000002
CVR3                              00000003
CVRCON                            0000009D
CVREN                             00000007
CVROE                             00000006
CVRR                              00000005
D                                 00000005
DATA_ADDRESS                      00000005
DATO                              00000020
DC                                00000001
D_A                               00000005
D_NOT_A                           00000005
EEADR                             0000010D
EEADRH                            0000010F
EECON1                            0000018C
EECON2                            0000018D
EEDATA                            0000010C
EEDATH                            0000010E
EEIE                              00000004
EEIF                              00000004
EEPGD                             00000007
ENVIA                             00000050
F                                 00000001
FERR                              00000002
FSR                               00000004
GCEN                              00000007
GIE                               00000007
GO                                00000002
GO_DONE                           00000002
GO_NOT_DONE                       00000002
I2C_DATA                          00000005
I2C_READ                          00000002
I2C_START                         00000003
I2C_STOP                          00000004
IBF                               00000007
IBOV                              00000005
INDF                              00000000
INICIO                            00000005
INTCON                            0000000B
INTE                              00000004
MPASM  5.51        PRACTICA 7 EJERCICIO 2.ASM   4-15-2020  21:00:53         PAGE  6


SYMBOL TABLE
  LABEL                             VALUE 

INTEDG                            00000006
INTF                              00000001
IRP                               00000007
LETRA_A                           0000003C
LETRA_E                           0000003E
LETRA_I                           00000040
LETRA_O                           00000042
LETRA_U                           00000044
LETRA_a                           00000046
LETRA_e                           00000048
LETRA_i                           0000004A
LETRA_o                           0000004C
LETRA_u                           0000004E
NOT_A                             00000005
NOT_ADDRESS                       00000005
NOT_BO                            00000000
NOT_BOR                           00000000
NOT_DONE                          00000002
NOT_PD                            00000003
NOT_POR                           00000001
NOT_RBPU                          00000007
NOT_RC8                           00000006
NOT_T1SYNC                        00000002
NOT_TO                            00000004
NOT_TX8                           00000006
NOT_W                             00000002
NOT_WRITE                         00000002
OBF                               00000006
OERR                              00000001
OPTION_REG                        00000081
P                                 00000004
PCFG0                             00000000
PCFG1                             00000001
PCFG2                             00000002
PCFG3                             00000003
PCL                               00000002
PCLATH                            0000000A
PCON                              0000008E
PEIE                              00000006
PEN                               00000002
PIE1                              0000008C
PIE2                              0000008D
PIR1                              0000000C
PIR2                              0000000D
PORTA                             00000005
PORTB                             00000006
PORTC                             00000007
PORTD                             00000008
PORTE                             00000009
PR2                               00000092
PRINCIPAL                         00000010
PS0                               00000000
PS1                               00000001
MPASM  5.51        PRACTICA 7 EJERCICIO 2.ASM   4-15-2020  21:00:53         PAGE  7


SYMBOL TABLE
  LABEL                             VALUE 

PS2                               00000002
PSA                               00000003
PSPIE                             00000007
PSPIF                             00000007
PSPMODE                           00000004
R                                 00000002
RA0                               00000000
RA1                               00000001
RA2                               00000002
RA3                               00000003
RA4                               00000004
RA5                               00000005
RB0                               00000000
RB1                               00000001
RB2                               00000002
RB3                               00000003
RB4                               00000004
RB5                               00000005
RB6                               00000006
RB7                               00000007
RBIE                              00000003
RBIF                              00000000
RC0                               00000000
RC1                               00000001
RC2                               00000002
RC3                               00000003
RC4                               00000004
RC5                               00000005
RC6                               00000006
RC7                               00000007
RC8_9                             00000006
RC9                               00000006
RCD8                              00000000
RCEN                              00000003
RCIE                              00000005
RCIF                              00000005
RCREG                             0000001A
RCSTA                             00000018
RD                                00000000
RD0                               00000000
RD1                               00000001
RD2                               00000002
RD3                               00000003
RD4                               00000004
RD5                               00000005
RD6                               00000006
RD7                               00000007
RE0                               00000000
RE1                               00000001
RE2                               00000002
READ_WRITE                        00000002
RP0                               00000005
RP1                               00000006
MPASM  5.51        PRACTICA 7 EJERCICIO 2.ASM   4-15-2020  21:00:53         PAGE  8


SYMBOL TABLE
  LABEL                             VALUE 

RSEN                              00000001
RX9                               00000006
RX9D                              00000000
R_NOT_W                           00000002
R_W                               00000002
S                                 00000003
SEN                               00000000
SMP                               00000007
SPBRG                             00000099
SPEN                              00000007
SREN                              00000005
SSPADD                            00000093
SSPBUF                            00000013
SSPCON                            00000014
SSPCON2                           00000091
SSPEN                             00000005
SSPIE                             00000003
SSPIF                             00000003
SSPM0                             00000000
SSPM1                             00000001
SSPM2                             00000002
SSPM3                             00000003
SSPOV                             00000006
SSPSTAT                           00000094
STATUS                            00000003
SYNC                              00000004
T0CS                              00000005
T0IE                              00000005
T0IF                              00000002
T0SE                              00000004
T1CKPS0                           00000004
T1CKPS1                           00000005
T1CON                             00000010
T1INSYNC                          00000002
T1OSCEN                           00000003
T1SYNC                            00000002
T2CKPS0                           00000000
T2CKPS1                           00000001
T2CON                             00000012
TMR0                              00000001
TMR0IE                            00000005
TMR0IF                            00000002
TMR1                              0000000E
TMR1CS                            00000001
TMR1H                             0000000F
TMR1IE                            00000000
TMR1IF                            00000000
TMR1L                             0000000E
TMR1ON                            00000000
TMR2                              00000011
TMR2IE                            00000001
TMR2IF                            00000001
TMR2ON                            00000002
MPASM  5.51        PRACTICA 7 EJERCICIO 2.ASM   4-15-2020  21:00:53         PAGE  9


SYMBOL TABLE
  LABEL                             VALUE 

TOUTPS0                           00000003
TOUTPS1                           00000004
TOUTPS2                           00000005
TOUTPS3                           00000006
TRISA                             00000085
TRISA0                            00000000
TRISA1                            00000001
TRISA2                            00000002
TRISA3                            00000003
TRISA4                            00000004
TRISA5                            00000005
TRISB                             00000086
TRISB0                            00000000
TRISB1                            00000001
TRISB2                            00000002
TRISB3                            00000003
TRISB4                            00000004
TRISB5                            00000005
TRISB6                            00000006
TRISB7                            00000007
TRISC                             00000087
TRISC0                            00000000
TRISC1                            00000001
TRISC2                            00000002
TRISC3                            00000003
TRISC4                            00000004
TRISC5                            00000005
TRISC6                            00000006
TRISC7                            00000007
TRISD                             00000088
TRISD0                            00000000
TRISD1                            00000001
TRISD2                            00000002
TRISD3                            00000003
TRISD4                            00000004
TRISD5                            00000005
TRISD6                            00000006
TRISD7                            00000007
TRISE                             00000089
TRISE0                            00000000
TRISE1                            00000001
TRISE2                            00000002
TRMT                              00000001
TX8_9                             00000006
TX9                               00000006
TX9D                              00000000
TXD8                              00000000
TXEN                              00000005
TXIE                              00000004
TXIF                              00000004
TXREG                             00000019
TXSTA                             00000098
UA                                00000001
MPASM  5.51        PRACTICA 7 EJERCICIO 2.ASM   4-15-2020  21:00:53         PAGE 10


SYMBOL TABLE
  LABEL                             VALUE 

W                                 00000000
WCOL                              00000007
WR                                00000001
WREN                              00000002
WRERR                             00000003
Z                                 00000002
_A                                00000088
_A_                               00000077
_BODEN_OFF                        00003FBF
_BODEN_ON                         00003FFF
_BOREN_OFF                        00003FBF
_BOREN_ON                         00003FFF
_CONFIG                           00002007
_CPD_OFF                          00003FFF
_CPD_ON                           00003EFF
_CP_ALL                           00001FFF
_CP_OFF                           00003FFF
_CP_ON                            00001FFF
_DEBUG_OFF                        00003FFF
_DEBUG_ON                         000037FF
_DEVID1                           00002006
_E                                00000086
_E_                               00000079
_FOSC_EXTRC                       00003FFF
_FOSC_HS                          00003FFE
_FOSC_LP                          00003FFC
_FOSC_XT                          00003FFD
_HS_OSC                           00003FFE
_I                                000000CF
_IDLOC0                           00002000
_IDLOC1                           00002001
_IDLOC2                           00002002
_IDLOC3                           00002003
_I_                               00000030
_LP_OSC                           00003FFC
_LVP_OFF                          00003F7F
_LVP_ON                           00003FFF
_O                                000000C0
_O_                               0000003F
_PWRTE_OFF                        00003FFF
_PWRTE_ON                         00003FF7
_RC_OSC                           00003FFF
_U                                000000C1
_U_                               0000003E
_WDTE_OFF                         00003FFB
_WDTE_ON                          00003FFF
_WDT_OFF                          00003FFB
_WDT_ON                           00003FFF
_WRT_1FOURTH                      00003BFF
_WRT_256                          00003DFF
_WRT_HALF                         000039FF
_WRT_OFF                          00003FFF
_XT_OSC                           00003FFD
MPASM  5.51        PRACTICA 7 EJERCICIO 2.ASM   4-15-2020  21:00:53         PAGE 11


SYMBOL TABLE
  LABEL                             VALUE 

__16F877A                         00000001
_a                                000000A0
_a_                               0000005F
_e                                00000084
_e_                               0000007B
_i                                000000EF
_i_                               00000010
_o                                000000A3
_o_                               0000005C
_u                                000000E3
_u_                               0000001C


MEMORY USAGE MAP ('X' = Used,  '-' = Unused)

0000 : X----XXXXXXXXXXX XXXXXXXXXXXXXXXX XXXXXXXXXXXXXXXX XXXXXXXXXXXXXXXX
0040 : XXXXXXXXXXXXXXXX XX-------------- ---------------- ----------------

All other memory blocks unused.

Program Memory Words Used:    78
Program Memory Words Free:  8114


Errors   :     0
Warnings :     0 reported,     0 suppressed
Messages :     5 reported,     0 suppressed

