MPASM  5.51        PRACTICA 7 EJERCICIO 1.ASM   4-15-2020  20:19:59         PAGE  1


LOC  OBJECT CODE     LINE SOURCE TEXT
  VALUE

                      00001  processor 16f877
                      00002   include<p16f877.inc>
                      00001         LIST
                      00002 
                      00003 ;==========================================================================
                      00004 ;  MPASM PIC16F877 processor include
                      00005 ; 
                      00006 ;  (c) Copyright 1999-2013 Microchip Technology, All rights reserved
                      00007 ;==========================================================================
                      00008 
Message[301]: MESSAGE: (Processor-header file mismatch.  Verify selected processor.)
                      00540         LIST
  00000021            00003 valor1 equ h'21'
  00000022            00004 valor2 equ h'22'
  00000023            00005 valor3 equ h'23'
                      00006 
                      00007 
                      00008 #DEFINE DATO 25H                                ;LA DIRECCION SERVIRA COMO VARIABLE PARA LEER EL DATO A 
                            RECIBIR
                      00009 #DEFINE REG_CORRIMIENTO 26H             ;VALOR DEL REGISTRO DE CORRIMIENTO PARA LA SECUENCIA
                      00010 #DEFINE SENTIDO_ROTACION 27H    ;NOS INDICARA EL SENTIDO DE LA SECUENCIA (IZQUIERDA/DERECHA)
                      00011 
0000                  00012         ORG 0
0000   2805           00013         GOTO INICIO
0005                  00014         ORG 5
                      00015 
0005                  00016 INICIO
0005   1683           00017         BSF STATUS,RP0                  ;1. CAMBIO AL BANCO 1 RAM
Message[302]: Register in operand not in bank 0.  Ensure that bank bits are correct.
0006   0186           00018         CLRF TRISB                              
Message[302]: Register in operand not in bank 0.  Ensure that bank bits are correct.
0007   1518           00019         BSF TXSTA,BRGH                  ;2. SELECCIONA ALTA VELOCIDAD (TXSTA.BRG = 1)
0008   3040           00020         MOVLW .64
Message[302]: Register in operand not in bank 0.  Ensure that bank bits are correct.
0009   0099           00021         MOVWF SPBRG                             ;3. VELOCIDAD DE 19200 BAUDS (0.16% ERROR)
Message[302]: Register in operand not in bank 0.  Ensure that bank bits are correct.
000A   1218           00022         BCF TXSTA,SYNC                  ;4. MODO ASINCRONO SELECCIONADO (TXSTA.SYNC = 0)
Message[302]: Register in operand not in bank 0.  Ensure that bank bits are correct.
000B   1698           00023         BSF TXSTA,TXEN                  ;5. HABILITA LA TRANSMICION (TXSTA.TXEN = 1)
000C   1283           00024         BCF STATUS,RP0                  ;6. REGRESO AL BANCO 0 DE RAM
000D   1618           00025         BSF RCSTA,CREN                  ;7. HABILITA LA RECEPCION DE DATOS (RCSTA,CREN = 1)
000E   1798           00026         BSF RCSTA,SPEN                  ;8. HABILITA EL PUERTO SERIE (RCSTA.SPEN = 1)
000F   0186           00027         CLRF PORTB
0010   3080           00028         MOVLW 0X80
0011   00A6           00029         MOVWF REG_CORRIMIENTO
0012   3001           00030         MOVLW 1
0013   00A7           00031         MOVWF SENTIDO_ROTACION
                      00032 
0014                  00033 LOOP
0014   1E8C           00034         BTFSS PIR1,RCIF                 ;9. ESPERAR A QUE EL BUFER DE RECEPCION DEL USART ESTE LLENO
0015   2818           00035         GOTO CONTINUA
                      00036 
0016                  00037 CAMBIA_DATO
MPASM  5.51        PRACTICA 7 EJERCICIO 1.ASM   4-15-2020  20:19:59         PAGE  2


LOC  OBJECT CODE     LINE SOURCE TEXT
  VALUE

0016   081A           00038         MOVF RCREG,W                    ; LEO EL DATO RECIBIDO
0017   00A5           00039         MOVWF DATO
                      00040 
0018                  00041 CONTINUA
0018   3030           00042         MOVLW '0'
0019   0225           00043         SUBWF DATO,W                            ;W = DATO - '0'
001A   1903           00044         BTFSC STATUS,Z
001B   2830           00045         GOTO APAGADOS
001C   3031           00046         MOVLW '1'
001D   0225           00047         SUBWF DATO,W                            ;W = DATO - '1'
001E   1903           00048         BTFSC STATUS,Z
001F   2832           00049         GOTO ENCENDIDOS
0020   3032           00050         MOVLW '2'
0021   0225           00051         SUBWF DATO,W                            ;W = DATO - '2'
0022   1903           00052         BTFSC STATUS,Z
0023   2835           00053         GOTO DERECHA
0024   3033           00054         MOVLW '3'
0025   0225           00055         SUBWF DATO,W                            ;W = DATO - '3'
0026   1903           00056         BTFSC STATUS,Z
0027   283F           00057         GOTO IZQUIERDA
0028   3034           00058         MOVLW '4'
0029   0225           00059         SUBWF DATO,W                            ;W = DATO - '4'
002A   1903           00060         BTFSC STATUS,Z
002B   2849           00061         GOTO REBOTA
002C   3035           00062         MOVLW '5'
002D   0225           00063         SUBWF DATO,W                            ;W = DATO - '5'
002E   1903           00064         BTFSC STATUS,Z
002F   2860           00065         GOTO BLINK
                      00066 
0030                  00067 APAGADOS
0030   0186           00068         CLRF PORTB
0031   2814           00069         GOTO LOOP
                      00070 
0032                  00071 ENCENDIDOS
0032   30FF           00072         MOVLW .255
0033   0086           00073         MOVWF PORTB
0034   2814           00074         GOTO LOOP
0035                  00075 DERECHA
0035   1003           00076         BCF STATUS,C                            ; SECUENCIA HACIA LA DERECHA 
0036   0826           00077         MOVF REG_CORRIMIENTO,W
0037   0086           00078         MOVWF PORTB
0038   2065           00079         CALL RETARDO
0039   0CA6           00080         RRF REG_CORRIMIENTO,F
003A   1C03           00081         BTFSS STATUS,C
003B   2814           00082         GOTO LOOP
003C   3080           00083         MOVLW 0X80
003D   00A6           00084         MOVWF REG_CORRIMIENTO
003E   2814           00085         GOTO LOOP
                      00086 
003F                  00087 IZQUIERDA                                               ;SECUENCIA HACIA LA IZQUIERDA 
003F   1003           00088         BCF STATUS,C                            
0040   0826           00089         MOVF REG_CORRIMIENTO,W
0041   0086           00090         MOVWF PORTB
MPASM  5.51        PRACTICA 7 EJERCICIO 1.ASM   4-15-2020  20:19:59         PAGE  3


LOC  OBJECT CODE     LINE SOURCE TEXT
  VALUE

0042   2065           00091         CALL RETARDO
0043   0DA6           00092         RLF REG_CORRIMIENTO,F
0044   1C03           00093         BTFSS STATUS,C
0045   2814           00094         GOTO LOOP
0046   3001           00095         MOVLW 0X01
0047   00A6           00096         MOVWF REG_CORRIMIENTO
0048   2814           00097         GOTO LOOP
                      00098 
0049                  00099 REBOTA
0049   1003           00100         BCF STATUS,C                            
004A   0826           00101         MOVF REG_CORRIMIENTO,W
004B   0086           00102         MOVWF PORTB
004C   2065           00103         CALL RETARDO
004D   0827           00104         MOVF SENTIDO_ROTACION,W
004E   1D03           00105         BTFSS STATUS,Z
004F   2858           00106         GOTO SENT_DER                           ;SENTIDO_ROTACION = 1: DERECHA
                      00107 
0050                  00108 SENT_IZQ                                                ;SENTIDO_ROTACION = 0: IZQUIERDA
0050   0DA6           00109         RLF REG_CORRIMIENTO,F
0051   1C03           00110         BTFSS STATUS,C
0052   2814           00111         GOTO LOOP                                       ;C=0
0053   3080           00112         MOVLW 0X80                                      ;C=1
0054   00A6           00113         MOVWF REG_CORRIMIENTO
0055   3001           00114         MOVLW 1
0056   00A7           00115         MOVWF SENTIDO_ROTACION
0057   2814           00116         GOTO LOOP
                      00117 
0058                  00118 SENT_DER
0058   0CA6           00119         RRF REG_CORRIMIENTO,F
0059   1C03           00120         BTFSS STATUS,C
005A   2814           00121         GOTO LOOP                                       ;C=0
005B   3001           00122         MOVLW 0X01                                      ;C=1
005C   00A6           00123         MOVWF REG_CORRIMIENTO
005D   3000           00124         MOVLW 0
005E   00A7           00125         MOVWF SENTIDO_ROTACION
005F   2814           00126         GOTO LOOP
                      00127  
                      00128 
0060                  00129 BLINK
0060   30FF           00130         MOVLW .255
0061   0086           00131         MOVWF PORTB
0062   2065           00132         CALL RETARDO
0063   0186           00133         CLRF PORTB
0064   2065           00134         CALL RETARDO
                      00135 
                      00136        ;Rutina que genra un Retardo
0065                  00137 RETARDO: 
0065   3015           00138      movlw 15h       
0066   00A1           00139          movwf valor1
0067   3060           00140 tres movlw 60h
0068   00A2           00141          movwf valor2
0069   3050           00142 dos  movlw 50h
006A   00A3           00143          movwf valor3
MPASM  5.51        PRACTICA 7 EJERCICIO 1.ASM   4-15-2020  20:19:59         PAGE  4


LOC  OBJECT CODE     LINE SOURCE TEXT
  VALUE

Message[305]: Using default destination of 1 (file).
006B   0BA3           00144 uno  decfsz valor3 
006C   286B           00145          goto uno 
Message[305]: Using default destination of 1 (file).
006D   0BA2           00146          decfsz valor2
006E   2869           00147          goto dos
Message[305]: Using default destination of 1 (file).
006F   0BA1           00148          decfsz valor1   
0070   2867           00149          goto tres
0071   0008           00150          return 
                      00151 
                      00152         END
MPASM  5.51        PRACTICA 7 EJERCICIO 1.ASM   4-15-2020  20:19:59         PAGE  5


SYMBOL TABLE
  LABEL                             VALUE 

ACKDT                             00000005
ACKEN                             00000004
ACKSTAT                           00000006
ADCON0                            0000001F
ADCON1                            0000009F
ADCS0                             00000006
ADCS1                             00000007
ADDEN                             00000003
ADFM                              00000007
ADIE                              00000006
ADIF                              00000006
ADON                              00000000
ADRESH                            0000001E
ADRESL                            0000009E
APAGADOS                          00000030
BCLIE                             00000003
BCLIF                             00000003
BF                                00000000
BLINK                             00000060
BRGH                              00000002
C                                 00000000
CAMBIA_DATO                       00000016
CCP1CON                           00000017
CCP1IE                            00000002
CCP1IF                            00000002
CCP1M0                            00000000
CCP1M1                            00000001
CCP1M2                            00000002
CCP1M3                            00000003
CCP1X                             00000005
CCP1Y                             00000004
CCP2CON                           0000001D
CCP2IE                            00000000
CCP2IF                            00000000
CCP2M0                            00000000
CCP2M1                            00000001
CCP2M2                            00000002
CCP2M3                            00000003
CCP2X                             00000005
CCP2Y                             00000004
CCPR1                             00000015
CCPR1H                            00000016
CCPR1L                            00000015
CCPR2                             0000001B
CCPR2H                            0000001C
CCPR2L                            0000001B
CHS0                              00000003
CHS1                              00000004
CHS2                              00000005
CKE                               00000006
CKP                               00000004
CONTINUA                          00000018
CREN                              00000004
MPASM  5.51        PRACTICA 7 EJERCICIO 1.ASM   4-15-2020  20:19:59         PAGE  6


SYMBOL TABLE
  LABEL                             VALUE 

CSRC                              00000007
D                                 00000005
DATA_ADDRESS                      00000005
DATO                              25H
DC                                00000001
DERECHA                           00000035
D_A                               00000005
D_NOT_A                           00000005
EEADR                             0000010D
EEADRH                            0000010F
EECON1                            0000018C
EECON2                            0000018D
EEDATA                            0000010C
EEDATH                            0000010E
EEIE                              00000004
EEIF                              00000004
EEPGD                             00000007
ENCENDIDOS                        00000032
F                                 00000001
FERR                              00000002
FSR                               00000004
GCEN                              00000007
GIE                               00000007
GO                                00000002
GO_DONE                           00000002
GO_NOT_DONE                       00000002
I2C_DATA                          00000005
I2C_READ                          00000002
I2C_START                         00000003
I2C_STOP                          00000004
IBF                               00000007
IBOV                              00000005
INDF                              00000000
INICIO                            00000005
INTCON                            0000000B
INTE                              00000004
INTEDG                            00000006
INTF                              00000001
IRP                               00000007
IZQUIERDA                         0000003F
LOOP                              00000014
NOT_A                             00000005
NOT_ADDRESS                       00000005
NOT_BO                            00000000
NOT_BOR                           00000000
NOT_DONE                          00000002
NOT_PD                            00000003
NOT_POR                           00000001
NOT_RBPU                          00000007
NOT_RC8                           00000006
NOT_T1SYNC                        00000002
NOT_TO                            00000004
NOT_TX8                           00000006
MPASM  5.51        PRACTICA 7 EJERCICIO 1.ASM   4-15-2020  20:19:59         PAGE  7


SYMBOL TABLE
  LABEL                             VALUE 

NOT_W                             00000002
NOT_WRITE                         00000002
OBF                               00000006
OERR                              00000001
OPTION_REG                        00000081
P                                 00000004
PCFG0                             00000000
PCFG1                             00000001
PCFG2                             00000002
PCFG3                             00000003
PCL                               00000002
PCLATH                            0000000A
PCON                              0000008E
PEIE                              00000006
PEN                               00000002
PIE1                              0000008C
PIE2                              0000008D
PIR1                              0000000C
PIR2                              0000000D
PORTA                             00000005
PORTB                             00000006
PORTC                             00000007
PORTD                             00000008
PORTE                             00000009
PR2                               00000092
PS0                               00000000
PS1                               00000001
PS2                               00000002
PSA                               00000003
PSPIE                             00000007
PSPIF                             00000007
PSPMODE                           00000004
R                                 00000002
RA0                               00000000
RA1                               00000001
RA2                               00000002
RA3                               00000003
RA4                               00000004
RA5                               00000005
RB0                               00000000
RB1                               00000001
RB2                               00000002
RB3                               00000003
RB4                               00000004
RB5                               00000005
RB6                               00000006
RB7                               00000007
RBIE                              00000003
RBIF                              00000000
RC0                               00000000
RC1                               00000001
RC2                               00000002
RC3                               00000003
MPASM  5.51        PRACTICA 7 EJERCICIO 1.ASM   4-15-2020  20:19:59         PAGE  8


SYMBOL TABLE
  LABEL                             VALUE 

RC4                               00000004
RC5                               00000005
RC6                               00000006
RC7                               00000007
RC8_9                             00000006
RC9                               00000006
RCD8                              00000000
RCEN                              00000003
RCIE                              00000005
RCIF                              00000005
RCREG                             0000001A
RCSTA                             00000018
RD                                00000000
RD0                               00000000
RD1                               00000001
RD2                               00000002
RD3                               00000003
RD4                               00000004
RD5                               00000005
RD6                               00000006
RD7                               00000007
RE0                               00000000
RE1                               00000001
RE2                               00000002
READ_WRITE                        00000002
REBOTA                            00000049
REG_CORRIMIENTO                   26H
RETARDO                           00000065
RP0                               00000005
RP1                               00000006
RSEN                              00000001
RX9                               00000006
RX9D                              00000000
R_NOT_W                           00000002
R_W                               00000002
S                                 00000003
SEN                               00000000
SENTIDO_ROTACION                  27H
SENT_DER                          00000058
SENT_IZQ                          00000050
SMP                               00000007
SPBRG                             00000099
SPEN                              00000007
SREN                              00000005
SSPADD                            00000093
SSPBUF                            00000013
SSPCON                            00000014
SSPCON2                           00000091
SSPEN                             00000005
SSPIE                             00000003
SSPIF                             00000003
SSPM0                             00000000
SSPM1                             00000001
MPASM  5.51        PRACTICA 7 EJERCICIO 1.ASM   4-15-2020  20:19:59         PAGE  9


SYMBOL TABLE
  LABEL                             VALUE 

SSPM2                             00000002
SSPM3                             00000003
SSPOV                             00000006
SSPSTAT                           00000094
STATUS                            00000003
SYNC                              00000004
T0CS                              00000005
T0IE                              00000005
T0IF                              00000002
T0SE                              00000004
T1CKPS0                           00000004
T1CKPS1                           00000005
T1CON                             00000010
T1INSYNC                          00000002
T1OSCEN                           00000003
T1SYNC                            00000002
T2CKPS0                           00000000
T2CKPS1                           00000001
T2CON                             00000012
TMR0                              00000001
TMR0IE                            00000005
TMR0IF                            00000002
TMR1                              0000000E
TMR1CS                            00000001
TMR1H                             0000000F
TMR1IE                            00000000
TMR1IF                            00000000
TMR1L                             0000000E
TMR1ON                            00000000
TMR2                              00000011
TMR2IE                            00000001
TMR2IF                            00000001
TMR2ON                            00000002
TOUTPS0                           00000003
TOUTPS1                           00000004
TOUTPS2                           00000005
TOUTPS3                           00000006
TRISA                             00000085
TRISA0                            00000000
TRISA1                            00000001
TRISA2                            00000002
TRISA3                            00000003
TRISA4                            00000004
TRISA5                            00000005
TRISB                             00000086
TRISB0                            00000000
TRISB1                            00000001
TRISB2                            00000002
TRISB3                            00000003
TRISB4                            00000004
TRISB5                            00000005
TRISB6                            00000006
TRISB7                            00000007
MPASM  5.51        PRACTICA 7 EJERCICIO 1.ASM   4-15-2020  20:19:59         PAGE 10


SYMBOL TABLE
  LABEL                             VALUE 

TRISC                             00000087
TRISC0                            00000000
TRISC1                            00000001
TRISC2                            00000002
TRISC3                            00000003
TRISC4                            00000004
TRISC5                            00000005
TRISC6                            00000006
TRISC7                            00000007
TRISD                             00000088
TRISD0                            00000000
TRISD1                            00000001
TRISD2                            00000002
TRISD3                            00000003
TRISD4                            00000004
TRISD5                            00000005
TRISD6                            00000006
TRISD7                            00000007
TRISE                             00000089
TRISE0                            00000000
TRISE1                            00000001
TRISE2                            00000002
TRMT                              00000001
TX8_9                             00000006
TX9                               00000006
TX9D                              00000000
TXD8                              00000000
TXEN                              00000005
TXIE                              00000004
TXIF                              00000004
TXREG                             00000019
TXSTA                             00000098
UA                                00000001
W                                 00000000
WCOL                              00000007
WR                                00000001
WREN                              00000002
WRERR                             00000003
Z                                 00000002
_BODEN_OFF                        00003FBF
_BODEN_ON                         00003FFF
_BOREN_OFF                        00003FBF
_BOREN_ON                         00003FFF
_CONFIG                           00002007
_CPD_OFF                          00003FFF
_CPD_ON                           00003EFF
_CP_ALL                           00000FCF
_CP_HALF                          00001FDF
_CP_OFF                           00003FFF
_CP_UPPER_256                     00002FEF
_DEBUG_OFF                        00003FFF
_DEBUG_ON                         000037FF
_DEVID1                           00002006
MPASM  5.51        PRACTICA 7 EJERCICIO 1.ASM   4-15-2020  20:19:59         PAGE 11


SYMBOL TABLE
  LABEL                             VALUE 

_FOSC_EXTRC                       00003FFF
_FOSC_HS                          00003FFE
_FOSC_LP                          00003FFC
_FOSC_XT                          00003FFD
_HS_OSC                           00003FFE
_IDLOC0                           00002000
_IDLOC1                           00002001
_IDLOC2                           00002002
_IDLOC3                           00002003
_LP_OSC                           00003FFC
_LVP_OFF                          00003F7F
_LVP_ON                           00003FFF
_PWRTE_OFF                        00003FFF
_PWRTE_ON                         00003FF7
_RC_OSC                           00003FFF
_WDTE_OFF                         00003FFB
_WDTE_ON                          00003FFF
_WDT_OFF                          00003FFB
_WDT_ON                           00003FFF
_WRT_ENABLE_OFF                   00003DFF
_WRT_ENABLE_ON                    00003FFF
_WRT_OFF                          00003DFF
_WRT_ON                           00003FFF
_XT_OSC                           00003FFD
__16F877A                         00000001
dos                               00000069
tres                              00000067
uno                               0000006B
valor1                            00000021
valor2                            00000022
valor3                            00000023


MEMORY USAGE MAP ('X' = Used,  '-' = Unused)

0000 : X----XXXXXXXXXXX XXXXXXXXXXXXXXXX XXXXXXXXXXXXXXXX XXXXXXXXXXXXXXXX
0040 : XXXXXXXXXXXXXXXX XXXXXXXXXXXXXXXX XXXXXXXXXXXXXXXX XX--------------

All other memory blocks unused.

Program Memory Words Used:   110
Program Memory Words Free:  8082


Errors   :     0
Warnings :     0 reported,     0 suppressed
Messages :     9 reported,     0 suppressed

